Determining if the pthread_create exist failed with the following output:
Change Dir: /home/workspace/myrobot/build/CMakeFiles/CMakeTmp

Run Build Command:"/usr/bin/make" "cmTC_2d69e/fast"
/usr/bin/make -f CMakeFiles/cmTC_2d69e.dir/build.make CMakeFiles/cmTC_2d69e.dir/build
make[1]: Entering directory '/home/workspace/myrobot/build/CMakeFiles/CMakeTmp'
Building C object CMakeFiles/cmTC_2d69e.dir/CheckSymbolExists.c.o
/usr/bin/cc     -o CMakeFiles/cmTC_2d69e.dir/CheckSymbolExists.c.o   -c /home/workspace/myrobot/build/CMakeFiles/CMakeTmp/CheckSymbolExists.c
Linking C executable cmTC_2d69e
/usr/bin/cmake -E cmake_link_script CMakeFiles/cmTC_2d69e.dir/link.txt --verbose=1
/usr/bin/cc       CMakeFiles/cmTC_2d69e.dir/CheckSymbolExists.c.o  -o cmTC_2d69e -rdynamic 
CMakeFiles/cmTC_2d69e.dir/CheckSymbolExists.c.o: In function `main':
CheckSymbolExists.c:(.text+0x16): undefined reference to `pthread_create'
collect2: error: ld returned 1 exit status
CMakeFiles/cmTC_2d69e.dir/build.make:97: recipe for target 'cmTC_2d69e' failed
make[1]: *** [cmTC_2d69e] Error 1
make[1]: Leaving directory '/home/workspace/myrobot/build/CMakeFiles/CMakeTmp'
Makefile:126: recipe for target 'cmTC_2d69e/fast' failed
make: *** [cmTC_2d69e/fast] Error 2

File /home/workspace/myrobot/build/CMakeFiles/CMakeTmp/CheckSymbolExists.c:
/* */
#include <pthread.h>

int main(int argc, char** argv)
{
  (void)argv;
#ifndef pthread_create
  return ((int*)(&pthread_create))[argc];
#else
  (void)argc;
  return 0;
#endif
}

Determining if the function pthread_create exists in the pthreads failed with the following output:
Change Dir: /home/workspace/myrobot/build/CMakeFiles/CMakeTmp

Run Build Command:"/usr/bin/make" "cmTC_1e6ae/fast"
/usr/bin/make -f CMakeFiles/cmTC_1e6ae.dir/build.make CMakeFiles/cmTC_1e6ae.dir/build
make[1]: Entering directory '/home/workspace/myrobot/build/CMakeFiles/CMakeTmp'
Building C object CMakeFiles/cmTC_1e6ae.dir/CheckFunctionExists.c.o
/usr/bin/cc    -DCHECK_FUNCTION_EXISTS=pthread_create   -o CMakeFiles/cmTC_1e6ae.dir/CheckFunctionExists.c.o   -c /usr/share/cmake-3.5/Modules/CheckFunctionExists.c
Linking C executable cmTC_1e6ae
/usr/bin/cmake -E cmake_link_script CMakeFiles/cmTC_1e6ae.dir/link.txt --verbose=1
/usr/bin/cc   -DCHECK_FUNCTION_EXISTS=pthread_create    CMakeFiles/cmTC_1e6ae.dir/CheckFunctionExists.c.o  -o cmTC_1e6ae -rdynamic -lpthreads 
/usr/bin/ld: cannot find -lpthreads
collect2: error: ld returned 1 exit status
CMakeFiles/cmTC_1e6ae.dir/build.make:97: recipe for target 'cmTC_1e6ae' failed
make[1]: *** [cmTC_1e6ae] Error 1
make[1]: Leaving directory '/home/workspace/myrobot/build/CMakeFiles/CMakeTmp'
Makefile:126: recipe for target 'cmTC_1e6ae/fast' failed
make: *** [cmTC_1e6ae/fast] Error 2


